Traceback (most recent call last):
Traceback (most recent call last):
Traceback (most recent call last):
  File "tools/train.py", line 11, in <module>
  File "tools/train.py", line 11, in <module>
  File "tools/train.py", line 8, in <module>
Traceback (most recent call last):
  File "tools/train.py", line 11, in <module>
        from mmcv.runner import get_dist_info, init_distfrom mmcv.runner import get_dist_info, init_dist

  File "/data/zzg/anaconda3/envs/gflv2/lib/python3.7/site-packages/mmcv/runner/__init__.py", line 2, in <module>
  File "/data/zzg/anaconda3/envs/gflv2/lib/python3.7/site-packages/mmcv/runner/__init__.py", line 2, in <module>
    from mmcv.runner import get_dist_info, init_dist
      File "/data/zzg/anaconda3/envs/gflv2/lib/python3.7/site-packages/mmcv/runner/__init__.py", line 2, in <module>
import mmcv
  File "/data/zzg/anaconda3/envs/gflv2/lib/python3.7/site-packages/mmcv/__init__.py", line 8, in <module>
        from .base_runner import BaseRunnerfrom .base_runner import BaseRunner

  File "/data/zzg/anaconda3/envs/gflv2/lib/python3.7/site-packages/mmcv/runner/base_runner.py", line 12, in <module>
  File "/data/zzg/anaconda3/envs/gflv2/lib/python3.7/site-packages/mmcv/runner/base_runner.py", line 12, in <module>
    from .base_runner import BaseRunner
  File "/data/zzg/anaconda3/envs/gflv2/lib/python3.7/site-packages/mmcv/runner/base_runner.py", line 12, in <module>
    from .video import *
          File "/data/zzg/anaconda3/envs/gflv2/lib/python3.7/site-packages/mmcv/video/__init__.py", line 2, in <module>
from .checkpoint import load_checkpointfrom .checkpoint import load_checkpoint

  File "/data/zzg/anaconda3/envs/gflv2/lib/python3.7/site-packages/mmcv/runner/checkpoint.py", line 13, in <module>
  File "/data/zzg/anaconda3/envs/gflv2/lib/python3.7/site-packages/mmcv/runner/checkpoint.py", line 13, in <module>
    from .checkpoint import load_checkpoint
  File "<frozen importlib._bootstrap>", line 983, in _find_and_load
    from .io import Cache, VideoReader, frames2video
          File "<frozen importlib._bootstrap>", line 983, in _find_and_load
import torchvisionimport torchvision

  File "/data/zzg/anaconda3/envs/gflv2/lib/python3.7/site-packages/torchvision/__init__.py", line 3, in <module>
  File "/data/zzg/anaconda3/envs/gflv2/lib/python3.7/site-packages/torchvision/__init__.py", line 3, in <module>
        from torchvision import modelsfrom torchvision import models

  File "/data/zzg/anaconda3/envs/gflv2/lib/python3.7/site-packages/torchvision/models/__init__.py", line 1, in <module>
  File "<frozen importlib._bootstrap>", line 983, in _find_and_load
    from .alexnet import *
  File "<frozen importlib._bootstrap>", line 983, in _find_and_load
  File "<frozen importlib._bootstrap>", line 967, in _find_and_load_unlocked
  File "<frozen importlib._bootstrap>", line 963, in _find_and_load_unlocked
  File "<frozen importlib._bootstrap>", line 963, in _find_and_load_unlocked
  File "<frozen importlib._bootstrap>", line 963, in _find_and_load_unlocked
  File "<frozen importlib._bootstrap>", line 677, in _load_unlocked
  File "<frozen importlib._bootstrap>", line 906, in _find_spec
  File "<frozen importlib._bootstrap>", line 906, in _find_spec
  File "<frozen importlib._bootstrap>", line 906, in _find_spec
  File "<frozen importlib._bootstrap_external>", line 724, in exec_module
  File "<frozen importlib._bootstrap_external>", line 1280, in find_spec
  File "<frozen importlib._bootstrap_external>", line 1280, in find_spec
  File "<frozen importlib._bootstrap_external>", line 1280, in find_spec
  File "<frozen importlib._bootstrap_external>", line 1252, in _get_spec
  File "<frozen importlib._bootstrap_external>", line 1252, in _get_spec
  File "<frozen importlib._bootstrap_external>", line 857, in get_code
  File "<frozen importlib._bootstrap_external>", line 1252, in _get_spec
  File "<frozen importlib._bootstrap_external>", line 1368, in find_spec
  File "<frozen importlib._bootstrap_external>", line 1396, in find_spec
  File "<frozen importlib._bootstrap_external>", line 525, in _compile_bytecode
  File "<frozen importlib._bootstrap_external>", line 1394, in find_spec
  File "<frozen importlib._bootstrap_external>", line 1354, in _get_spec
  File "<frozen importlib._bootstrap_external>", line 1408, in _fill_cache
  File "<frozen importlib._bootstrap_external>", line 95, in _path_isfile
KeyboardInterrupt
  File "<frozen importlib._bootstrap_external>", line 620, in spec_from_file_location
KeyboardInterrupt  File "<frozen importlib._bootstrap_external>", line 84, in _path_is_mode_type

KeyboardInterrupt
KeyboardInterrupt
Traceback (most recent call last):
  File "/data/zzg/anaconda3/envs/gflv2/lib/python3.7/subprocess.py", line 1019, in wait
    return self._wait(timeout=timeout)
  File "/data/zzg/anaconda3/envs/gflv2/lib/python3.7/subprocess.py", line 1653, in _wait
    (pid, sts) = self._try_wait(0)
  File "/data/zzg/anaconda3/envs/gflv2/lib/python3.7/subprocess.py", line 1611, in _try_wait
    (pid, sts) = os.waitpid(self.pid, wait_flags)
KeyboardInterrupt

During handling of the above exception, another exception occurred:

Traceback (most recent call last):
  File "/data/zzg/anaconda3/envs/gflv2/lib/python3.7/runpy.py", line 193, in _run_module_as_main
    "__main__", mod_spec)
  File "/data/zzg/anaconda3/envs/gflv2/lib/python3.7/runpy.py", line 85, in _run_code
    exec(code, run_globals)
  File "/data/zzg/anaconda3/envs/gflv2/lib/python3.7/site-packages/torch/distributed/launch.py", line 263, in <module>
    main()
  File "/data/zzg/anaconda3/envs/gflv2/lib/python3.7/site-packages/torch/distributed/launch.py", line 256, in main
    process.wait()
  File "/data/zzg/anaconda3/envs/gflv2/lib/python3.7/subprocess.py", line 1032, in wait
    self._wait(timeout=sigint_timeout)
  File "/data/zzg/anaconda3/envs/gflv2/lib/python3.7/subprocess.py", line 1647, in _wait
    time.sleep(delay)
KeyboardInterrupt
*****************************************
Setting OMP_NUM_THREADS environment variable for each process to be 1 in default, to avoid your system being overloaded, please further tune the variable for optimal performance in your application as needed. 
*****************************************
